<?xml version="1.0" encoding="UTF-8"?>
<testng-results ignored="0" total="1" passed="1" failed="0" skipped="0">
  <reporter-output>
  </reporter-output>
  <suite started-at="2021-02-02T10:15:34 IST" name="Surefire suite" finished-at="2021-02-02T10:15:34 IST" duration-ms="64">
    <groups>
    </groups>
    <test started-at="2021-02-02T10:15:34 IST" name="Surefire test" finished-at="2021-02-02T10:15:34 IST" duration-ms="64">
      <class name="org.appiumcucumber.AppTest">
        <test-method signature="shouldAnswerWithTrue()" started-at="2021-02-02T10:15:34 IST" name="shouldAnswerWithTrue" finished-at="2021-02-02T10:15:34 IST" duration-ms="8" status="PASS">
          <reporter-output>
          </reporter-output>
        </test-method> <!-- shouldAnswerWithTrue -->
      </class> <!-- org.appiumcucumber.AppTest -->
    </test> <!-- Surefire test -->
  </suite> <!-- Surefire suite -->
</testng-results>
