<?xml version="1.0" encoding="UTF-8"?>
<testng-results ignored="0" total="1" passed="1" failed="0" skipped="0">
  <reporter-output>
  </reporter-output>
  <suite started-at="2021-02-02T10:15:04 IST" name="Surefire suite" finished-at="2021-02-02T10:15:34 IST" duration-ms="29627">
    <groups>
      <group name="cucumber">
        <method signature="AbstractTestNGCucumberTests.feature(cucumber.api.testng.CucumberFeatureWrapper)[pri:0, instance:runner.RunTests@ae13544]" name="feature" class="cucumber.api.testng.AbstractTestNGCucumberTests"/>
      </group> <!-- cucumber -->
    </groups>
    <test started-at="2021-02-02T10:15:04 IST" name="Surefire test" finished-at="2021-02-02T10:15:34 IST" duration-ms="29627">
      <class name="runner.RunTests">
        <test-method is-config="true" signature="setUpClass()[pri:0, instance:runner.RunTests@ae13544]" started-at="2021-02-02T10:15:04 IST" name="setUpClass" finished-at="2021-02-02T10:15:05 IST" duration-ms="495" status="PASS">
          <reporter-output>
          </reporter-output>
        </test-method> <!-- setUpClass -->
        <test-method signature="feature(cucumber.api.testng.CucumberFeatureWrapper)[pri:0, instance:runner.RunTests@ae13544]" started-at="2021-02-02T10:15:05 IST" name="feature" description="Runs Cucumber Feature" data-provider="features" finished-at="2021-02-02T10:15:34 IST" duration-ms="28899" status="PASS">
          <params>
            <param index="0">
              <value>
                <![CDATA[Validate Different Options]]>
              </value>
            </param>
          </params>
          <reporter-output>
          </reporter-output>
        </test-method> <!-- feature -->
        <test-method is-config="true" signature="tearDownClass()[pri:0, instance:runner.RunTests@ae13544]" started-at="2021-02-02T10:15:34 IST" name="tearDownClass" finished-at="2021-02-02T10:15:34 IST" duration-ms="16" status="PASS">
          <reporter-output>
          </reporter-output>
        </test-method> <!-- tearDownClass -->
      </class> <!-- runner.RunTests -->
    </test> <!-- Surefire test -->
  </suite> <!-- Surefire suite -->
</testng-results>
