<?xml version="1.0" encoding="UTF-8"?>
<testsuite xmlns:xsi="http://www.w3.org/2001/XMLSchema-instance" xsi:noNamespaceSchemaLocation="https://maven.apache.org/surefire/maven-surefire-plugin/xsd/surefire-test-report.xsd" name="TestSuite" time="31.413" tests="2" errors="0" skipped="0" failures="0">
  <properties>
[...]
</properties>
  <testcase name="feature" classname="runner.RunTests" time="28.891"/>
  <testcase name="shouldAnswerWithTrue on shouldAnswerWithTrue(org.appiumcucumber.AppTest)" classname="org.appiumcucumber.AppTest" time="0"/>
</testsuite>